# JRE version: OpenJDK Runtime Environment (8.0_152-b01) (build 1.8.0_152-release-1343-b01)
# Java VM: OpenJDK 64-Bit Server VM (25.152-b01 mixed mode windows-amd64 compressed oops)
Heap:
 PSYoungGen      total 118784K, used 69823K [0x00000000e0000000, 0x00000000e8980000, 0x0000000100000000)
  eden space 97280K, 62% used [0x00000000e0000000,0x00000000e3b61648,0x00000000e5f00000)
  from space 21504K, 41% used [0x00000000e7400000,0x00000000e7cce6e8,0x00000000e8900000)
  to   space 21504K, 0% used [0x00000000e5f00000,0x00000000e5f00000,0x00000000e7400000)
 ParOldGen       total 80384K, used 72824K [0x00000000a0000000, 0x00000000a4e80000, 0x00000000e0000000)
  object space 80384K, 90% used [0x00000000a0000000,0x00000000a471e0f8,0x00000000a4e80000)
 Metaspace       used 92206K, capacity 96990K, committed 97304K, reserved 1134592K
  class space    used 11608K, capacity 12456K, committed 12576K, reserved 1048576K
GC Heap History (10 events):
Event: 5511.463 GC heap before
{Heap before GC invocations=51 (full 3):
 PSYoungGen      total 102400K, used 90161K [0x00000000e0000000, 0x00000000e8180000, 0x0000000100000000)
  eden space 77312K, 100% used [0x00000000e0000000,0x00000000e4b80000,0x00000000e4b80000)
  from space 25088K, 51% used [0x00000000e4b80000,0x00000000e580c448,0x00000000e6400000)
  to   space 24064K, 0% used [0x00000000e6a00000,0x00000000e6a00000,0x00000000e8180000)
 ParOldGen       total 80384K, used 66326K [0x00000000a0000000, 0x00000000a4e80000, 0x00000000e0000000)
  object space 80384K, 82% used [0x00000000a0000000,0x00000000a40c5870,0x00000000a4e80000)
 Metaspace       used 91814K, capacity 96572K, committed 96792K, reserved 1134592K
  class space    used 11605K, capacity 12453K, committed 12576K, reserved 1048576K
Event: 5511.544 GC heap after
Heap after GC invocations=51 (full 3):
 PSYoungGen      total 88064K, used 11281K [0x00000000e0000000, 0x00000000e7680000, 0x0000000100000000)
  eden space 75264K, 0% used [0x00000000e0000000,0x00000000e0000000,0x00000000e4980000)
  from space 12800K, 88% used [0x00000000e6a00000,0x00000000e75046b0,0x00000000e7680000)
  to   space 23040K, 0% used [0x00000000e4980000,0x00000000e4980000,0x00000000e6000000)
 ParOldGen       total 80384K, used 66398K [0x00000000a0000000, 0x00000000a4e80000, 0x00000000e0000000)
  object space 80384K, 82% used [0x00000000a0000000,0x00000000a40d7880,0x00000000a4e80000)
 Metaspace       used 91814K, capacity 96572K, committed 96792K, reserved 1134592K
  class space    used 11605K, capacity 12453K, committed 12576K, reserved 1048576K
}
Event: 5514.346 GC heap before
{Heap before GC invocations=52 (full 3):
 PSYoungGen      total 88064K, used 86545K [0x00000000e0000000, 0x00000000e7680000, 0x0000000100000000)
  eden space 75264K, 100% used [0x00000000e0000000,0x00000000e4980000,0x00000000e4980000)
  from space 12800K, 88% used [0x00000000e6a00000,0x00000000e75046b0,0x00000000e7680000)
  to   space 23040K, 0% used [0x00000000e4980000,0x00000000e4980000,0x00000000e6000000)
 ParOldGen       total 80384K, used 66398K [0x00000000a0000000, 0x00000000a4e80000, 0x00000000e0000000)
  object space 80384K, 82% used [0x00000000a0000000,0x00000000a40d7880,0x00000000a4e80000)
 Metaspace       used 91877K, capacity 96636K, committed 96792K, reserved 1134592K
  class space    used 11605K, capacity 12453K, committed 12576K, reserved 1048576K
Event: 5514.650 GC heap after
Heap after GC invocations=52 (full 3):
 PSYoungGen      total 98304K, used 14759K [0x00000000e0000000, 0x00000000e8080000, 0x0000000100000000)
  eden space 75264K, 0% used [0x00000000e0000000,0x00000000e0000000,0x00000000e4980000)
  from space 23040K, 64% used [0x00000000e4980000,0x00000000e57e9e08,0x00000000e6000000)
  to   space 23040K, 0% used [0x00000000e6a00000,0x00000000e6a00000,0x00000000e8080000)
 ParOldGen       total 80384K, used 66430K [0x00000000a0000000, 0x00000000a4e80000, 0x00000000e0000000)
  object space 80384K, 82% used [0x00000000a0000000,0x00000000a40df880,0x00000000a4e80000)
 Metaspace       used 91877K, capacity 96636K, committed 96792K, reserved 1134592K
  class space    used 11605K, capacity 12453K, committed 12576K, reserved 1048576K
}
Event: 5521.156 GC heap before
{Heap before GC invocations=53 (full 3):
 PSYoungGen      total 98304K, used 90023K [0x00000000e0000000, 0x00000000e8080000, 0x0000000100000000)
  eden space 75264K, 100% used [0x00000000e0000000,0x00000000e4980000,0x00000000e4980000)
  from space 23040K, 64% used [0x00000000e4980000,0x00000000e57e9e08,0x00000000e6000000)
  to   space 23040K, 0% used [0x00000000e6a00000,0x00000000e6a00000,0x00000000e8080000)
 ParOldGen       total 80384K, used 66430K [0x00000000a0000000, 0x00000000a4e80000, 0x00000000e0000000)
  object space 80384K, 82% used [0x00000000a0000000,0x00000000a40df880,0x00000000a4e80000)
 Metaspace       used 91968K, capacity 96768K, committed 97048K, reserved 1134592K
  class space    used 11605K, capacity 12453K, committed 12576K, reserved 1048576K
Event: 5521.529 GC heap after
Heap after GC invocations=53 (full 3):
 PSYoungGen      total 107520K, used 13564K [0x00000000e0000000, 0x00000000e7f00000, 0x0000000100000000)
  eden space 86016K, 0% used [0x00000000e0000000,0x00000000e0000000,0x00000000e5400000)
  from space 21504K, 63% used [0x00000000e6a00000,0x00000000e773f178,0x00000000e7f00000)
  to   space 22016K, 0% used [0x00000000e5400000,0x00000000e5400000,0x00000000e6980000)
 ParOldGen       total 80384K, used 66486K [0x00000000a0000000, 0x00000000a4e80000, 0x00000000e0000000)
  object space 80384K, 82% used [0x00000000a0000000,0x00000000a40ed880,0x00000000a4e80000)
 Metaspace       used 91968K, capacity 96768K, committed 97048K, reserved 1134592K
  class space    used 11605K, capacity 12453K, committed 12576K, reserved 1048576K
}
Event: 5641.380 GC heap before
{Heap before GC invocations=54 (full 3):
 PSYoungGen      total 107520K, used 99580K [0x00000000e0000000, 0x00000000e7f00000, 0x0000000100000000)
  eden space 86016K, 100% used [0x00000000e0000000,0x00000000e5400000,0x00000000e5400000)
  from space 21504K, 63% used [0x00000000e6a00000,0x00000000e773f178,0x00000000e7f00000)
  to   space 22016K, 0% used [0x00000000e5400000,0x00000000e5400000,0x00000000e6980000)
 ParOldGen       total 80384K, used 66486K [0x00000000a0000000, 0x00000000a4e80000, 0x00000000e0000000)
  object space 80384K, 82% used [0x00000000a0000000,0x00000000a40ed880,0x00000000a4e80000)
 Metaspace       used 92083K, capacity 96974K, committed 97304K, reserved 1134592K
  class space    used 11606K, capacity 12454K, committed 12576K, reserved 1048576K
Event: 5641.451 GC heap after
Heap after GC invocations=54 (full 3):
 PSYoungGen      total 108032K, used 10986K [0x00000000e0000000, 0x00000000e8900000, 0x0000000100000000)
  eden space 86016K, 0% used [0x00000000e0000000,0x00000000e0000000,0x00000000e5400000)
  from space 22016K, 49% used [0x00000000e5400000,0x00000000e5eba9e8,0x00000000e6980000)
  to   space 21504K, 0% used [0x00000000e7400000,0x00000000e7400000,0x00000000e8900000)
 ParOldGen       total 80384K, used 66582K [0x00000000a0000000, 0x00000000a4e80000, 0x00000000e0000000)
  object space 80384K, 82% used [0x00000000a0000000,0x00000000a4105880,0x00000000a4e80000)
 Metaspace       used 92083K, capacity 96974K, committed 97304K, reserved 1134592K
  class space    used 11606K, capacity 12454K, committed 12576K, reserved 1048576K
}
Event: 5645.691 GC heap before
{Heap before GC invocations=55 (full 3):
 PSYoungGen      total 108032K, used 97002K [0x00000000e0000000, 0x00000000e8900000, 0x0000000100000000)
  eden space 86016K, 100% used [0x00000000e0000000,0x00000000e5400000,0x00000000e5400000)
  from space 22016K, 49% used [0x00000000e5400000,0x00000000e5eba9e8,0x00000000e6980000)
  to   space 21504K, 0% used [0x00000000e7400000,0x00000000e7400000,0x00000000e8900000)
 ParOldGen       total 80384K, used 66582K [0x00000000a0000000, 0x00000000a4e80000, 0x00000000e0000000)
  object space 80384K, 82% used [0x00000000a0000000,0x00000000a4105880,0x00000000a4e80000)
 Metaspace       used 92139K, capacity 96974K, committed 97304K, reserved 1134592K
  class space    used 11606K, capacity 12454K, committed 12576K, reserved 1048576K
Event: 5645.853 GC heap after
Heap after GC invocations=55 (full 3):
 PSYoungGen      total 118784K, used 9017K [0x00000000e0000000, 0x00000000e8980000, 0x0000000100000000)
  eden space 97280K, 0% used [0x00000000e0000000,0x00000000e0000000,0x00000000e5f00000)
  from space 21504K, 41% used [0x00000000e7400000,0x00000000e7cce6e8,0x00000000e8900000)
  to   space 21504K, 0% used [0x00000000e5f00000,0x00000000e5f00000,0x00000000e7400000)
 ParOldGen       total 80384K, used 72824K [0x00000000a0000000, 0x00000000a4e80000, 0x00000000e0000000)
  object space 80384K, 90% used [0x00000000a0000000,0x00000000a471e0f8,0x00000000a4e80000)
 Metaspace       used 92139K, capacity 96974K, committed 97304K, reserved 1134592K
  class space    used 11606K, capacity 12454K, committed 12576K, reserved 1048576K
}

